
    --------------------------------------------------
    [EMAIL SENT]
    To: karthik3b@gmail.com (doctor)
    Subject: Patient Daily Health Summary
    Time: 2026-01-02 07:06:47
    
    
    ELDA DAILY REPORT
    -----------------
    Risk Level: Low (Score: 0)
    
    Recent Vitals:
    - Heart Rate: 0 bpm
    - SpO2: 0%
    
    AI Notes:
    
    
    --------------------------------------------------
    
    --------------------------------------------------
    [EMAIL SENT]
    To: intheknightriders@gmail.com (caregiver)
    Subject: Daily Care Update
    Time: 2026-01-02 07:06:47
    
    
    ELDA DAILY REPORT
    -----------------
    Risk Level: Low (Score: 0)
    
    Recent Vitals:
    - Heart Rate: 0 bpm
    - SpO2: 0%
    
    AI Notes:
    
    
    --------------------------------------------------
    